<?xml version="1.0" encoding="UTF-8"?>
<!-- Generated by org.testng.reporters.JUnitReportReporter -->
<testsuite name="DemoTest" tests="1" time="10.449" ignored="0" failures="0" timestamp="26 Feb 2017 13:24:07 GMT" skipped="0" hostname="LAPTOP-HQF43JTL" errors="0">
  <testcase name="testDemo" time="10.449" classname="DemoTest"/>
</testsuite> <!-- DemoTest -->
